2023-12-24 10:22:11.588 [info] Extension host with pid 136 started
2023-12-24 10:22:11.630 [info] ExtensionService#_doActivateExtension vscode.git-base, startup: true, activationEvent: '*', root cause: vscode.git
2023-12-24 10:22:11.640 [info] ExtensionService#_doActivateExtension ms-vscode.cpptools, startup: true, activationEvent: '*'
2023-12-24 10:22:11.738 [info] ExtensionService#_doActivateExtension vscode.git, startup: true, activationEvent: '*'
2023-12-24 10:22:11.791 [info] ExtensionService#_doActivateExtension vscode.github, startup: true, activationEvent: '*'
2023-12-24 10:22:12.037 [info] Eager extensions activated
2023-12-24 10:22:12.041 [info] ExtensionService#_doActivateExtension vscode.debug-auto-launch, startup: false, activationEvent: 'onStartupFinished'
2023-12-24 10:22:12.046 [info] ExtensionService#_doActivateExtension vscode.merge-conflict, startup: false, activationEvent: 'onStartupFinished'
2023-12-24 10:22:14.446 [info] Extension host terminating: renderer closed the MessagePort
2023-12-24 10:22:14.452 [error] An error occurred when deactivating the extension 'ms-vscode.cpptools':
2023-12-24 10:22:14.458 [error] TypeError: Cannot read properties of undefined (reading 'timeTelemetryCollector')
	at Object.deactivate (/home/alextrical/.var/app/com.vscodium.codium/data/codium/extensions/ms-vscode.cpptools-1.3.1/dist/main.js:41325:13)
	at Object.deactivate (/home/alextrical/.var/app/com.vscodium.codium/data/codium/extensions/ms-vscode.cpptools-1.3.1/dist/main.js:46224:27)
	at d._deactivate (/app/share/codium/resources/app/out/vs/workbench/api/node/extensionHostProcess.js:136:12620)
	at /app/share/codium/resources/app/out/vs/workbench/api/node/extensionHostProcess.js:136:10105
	at Array.map (<anonymous>)
	at d._deactivateAll (/app/share/codium/resources/app/out/vs/workbench/api/node/extensionHostProcess.js:136:10093)
	at d.terminate (/app/share/codium/resources/app/out/vs/workbench/api/node/extensionHostProcess.js:136:10473)
	at o.terminate (/app/share/codium/resources/app/out/vs/workbench/api/node/extensionHostProcess.js:140:1908)
	at a (/app/share/codium/resources/app/out/vs/workbench/api/node/extensionHostProcess.js:153:11551)
	at MessagePortMain.<anonymous> (/app/share/codium/resources/app/out/vs/workbench/api/node/extensionHostProcess.js:153:7626)
	at MessagePortMain.emit (node:events:513:28)
	at MessagePortMain._internalPort.emit (node:electron/js2c/utility_init:2:367)
2023-12-24 10:22:14.458 [info] Extension host with pid 136 exiting with code 0
